\BOOKMARK [0][-]{chapter.1}{Introduction and Motivation}{}% 1
\BOOKMARK [1][-]{section.1.1}{Motivation}{chapter.1}% 2
\BOOKMARK [1][-]{section.1.2}{Literature review}{chapter.1}% 3
\BOOKMARK [1][-]{section.1.3}{Problem Description}{chapter.1}% 4
\BOOKMARK [0][-]{chapter.2}{Theory of ADCs}{}% 5
\BOOKMARK [1][-]{section.2.1}{Different ADC Architectures}{chapter.2}% 6
\BOOKMARK [1][-]{section.2.2}{Measurement parameters}{chapter.2}% 7
\BOOKMARK [1][-]{section.2.3}{Theory of Oversampling}{chapter.2}% 8
\BOOKMARK [0][-]{chapter.3}{System Overview}{}% 9
\BOOKMARK [0][-]{chapter.4}{ADC design}{}% 10
\BOOKMARK [1][-]{section.4.1}{Design Specifications}{chapter.4}% 11
\BOOKMARK [1][-]{section.4.2}{State Diagrams Explained}{chapter.4}% 12
\BOOKMARK [2][-]{subsection.4.2.1}{Counter ADC}{section.4.2}% 13
\BOOKMARK [2][-]{subsection.4.2.2}{Tracking ADC}{section.4.2}% 14
\BOOKMARK [2][-]{subsection.4.2.3}{SAR ADC}{section.4.2}% 15
\BOOKMARK [2][-]{subsection.4.2.4}{Comparative Analysis of Counter,Tracking and SAR ADC}{section.4.2}% 16
\BOOKMARK [0][-]{chapter.5}{Digital Post Calibration}{}% 17
\BOOKMARK [1][-]{section.5.1}{Moving Average Filter}{chapter.5}% 18
\BOOKMARK [2][-]{subsection.5.1.1}{ Analysis and Implementation of Moving Average in FPGA}{section.5.1}% 19
\BOOKMARK [2][-]{subsection.5.1.2}{ Moving Average with Floating Point Unit in FPGA}{section.5.1}% 20
\BOOKMARK [2][-]{subsection.5.1.3}{ Efficient Implementation of Moving Average in FPGA using CIC}{section.5.1}% 21
\BOOKMARK [2][-]{subsection.5.1.4}{ Moving Average with CIC performance Analysis}{section.5.1}% 22
\BOOKMARK [2][-]{subsection.5.1.5}{Illustration of Traditional tracking ADC and Moving Average}{section.5.1}% 23
\BOOKMARK [0][-]{chapter.6}{Evaluation and Results}{}% 24
\BOOKMARK [0][-]{chapter.7}{Conclusion and Outlook}{}% 25
\BOOKMARK [1][-]{section.7.1}{Conclusion}{chapter.7}% 26
\BOOKMARK [1][-]{section.7.2}{Outlook}{chapter.7}% 27
\BOOKMARK [0][-]{chapter.8}{Bibliography}{}% 28
